<?xml version="1.0" encoding="UTF-8"?>
<!-- Generated by org.testng.reporters.JUnitReportReporter -->
<testsuite hostname="ASIT" failures="0" tests="4" name="api.TestCases.UserTest" time="3.220" errors="0" timestamp="2023-10-28T14:41:55 GMT-04:00" skipped="0">
  <testcase classname="api.TestCases.UserTest" name="testCreateUser" time="2.260"/>
  <system-out/>
  <testcase classname="api.TestCases.UserTest" name="testGetUserData" time="0.272"/>
  <system-out/>
  <testcase classname="api.TestCases.UserTest" name="testUpdateUser" time="0.469"/>
  <system-out/>
  <testcase classname="api.TestCases.UserTest" name="testDeleteUser" time="0.219"/>
  <system-out/>
</testsuite> <!-- api.TestCases.UserTest -->
